<?xml version="1.0" encoding="UTF-8"?>
<!-- Generated by org.testng.reporters.JUnitReportReporter -->
<testsuite hostname="vaibhav" failures="0" tests="1" name="api.com.test.apiTestScript" time="7.257" errors="0" timestamp="2023-09-17T09:19:45 IST" skipped="0">
  <testcase classname="api.com.test.apiTestScript" name="validateStatusCodeGetusers" time="7.257"/>
</testsuite> <!-- api.com.test.apiTestScript -->
