<?xml version="1.0" encoding="UTF-8"?>
<!-- Generated by org.testng.reporters.JUnitReportReporter -->
<testsuite hostname="vaibhav" failures="0" tests="1" name="api.com.test.ApitestScripts" time="7.049" errors="0" timestamp="2023-09-18T09:46:08 IST" skipped="0">
  <testcase classname="api.com.test.ApitestScripts" name="postAutoExtFilebypojoclass" time="7.049"/>
</testsuite> <!-- api.com.test.ApitestScripts -->
